<?xml version="1.0" encoding="UTF-8"?>
<testsuite name="ru.stqa.pft.sandbox.PointTests" tests="4" skipped="0" failures="0" errors="0" timestamp="2019-02-04T21:45:46" hostname="nlkazakova" time="0.009">
  <properties/>
  <testcase name="testDistanceDouble" classname="ru.stqa.pft.sandbox.PointTests" time="0.001"/>
  <testcase name="testDistanceIntLeft" classname="ru.stqa.pft.sandbox.PointTests" time="0.0"/>
  <testcase name="testDistanceIntRight" classname="ru.stqa.pft.sandbox.PointTests" time="0.0"/>
  <testcase name="testDistanceZero" classname="ru.stqa.pft.sandbox.PointTests" time="0.002"/>
  <system-out><![CDATA[]]></system-out>
  <system-err><![CDATA[]]></system-err>
</testsuite>
