<?xml version="1.0" encoding="UTF-8"?>
<testsuite name="ru.stqa.pft.sandbox.EquationTests" tests="6" skipped="0" failures="0" errors="0" timestamp="2019-02-04T21:45:46" hostname="nlkazakova" time="0.023">
  <properties/>
  <testcase name="test0" classname="ru.stqa.pft.sandbox.EquationTests" time="0.011"/>
  <testcase name="test1" classname="ru.stqa.pft.sandbox.EquationTests" time="0.002"/>
  <testcase name="test2" classname="ru.stqa.pft.sandbox.EquationTests" time="0.001"/>
  <testcase name="testConstant" classname="ru.stqa.pft.sandbox.EquationTests" time="0.001"/>
  <testcase name="testLinear" classname="ru.stqa.pft.sandbox.EquationTests" time="0.0"/>
  <testcase name="testZero" classname="ru.stqa.pft.sandbox.EquationTests" time="0.001"/>
  <system-out><![CDATA[]]></system-out>
  <system-err><![CDATA[]]></system-err>
</testsuite>
