<?xml version="1.0" encoding="UTF-8"?>
<testsuite name="ru.stqa.pft.addressbook.tests.ContactCreationTests" tests="3" skipped="0" failures="0" errors="0" timestamp="2019-01-03T14:49:49" hostname="nlkazakova" time="19.745">
  <properties/>
  <testcase name="testContactCreation[0](ContactData{id=2147483647, fname='Natalia', lname='Kazakova'})" classname="ru.stqa.pft.addressbook.tests.ContactCreationTests" time="5.831"/>
  <testcase name="testContactCreation[1](ContactData{id=2147483647, fname='Natalia', lname='Kazakova'})" classname="ru.stqa.pft.addressbook.tests.ContactCreationTests" time="6.551"/>
  <testcase name="testContactCreation[2](ContactData{id=2147483647, fname='Natalia', lname='Kazakova'})" classname="ru.stqa.pft.addressbook.tests.ContactCreationTests" time="6.711"/>
  <system-out><![CDATA[]]></system-out>
  <system-err><![CDATA[]]></system-err>
</testsuite>
