<?xml version="1.0" encoding="UTF-8"?>
<testsuite name="ru.stqa.pft.addressbook.tests.ContactDataTests" tests="1" skipped="0" failures="0" errors="0" timestamp="2019-01-03T14:50:11" hostname="nlkazakova" time="2.763">
  <properties/>
  <testcase name="testContactData" classname="ru.stqa.pft.addressbook.tests.ContactDataTests" time="2.763"/>
  <system-out><![CDATA[]]></system-out>
  <system-err><![CDATA[]]></system-err>
</testsuite>
